{
  "RSpec": {
    "coverage": {
      "/home/enow/projects/ruby_and_rails/movie_rental/config/environment.rb": {
        "lines": [
          null,
          1,
          null,
          null,
          1
        ]
      },
      "/home/enow/projects/ruby_and_rails/movie_rental/config/application.rb": {
        "lines": [
          1,
          null,
          1,
          null,
          1,
          1,
          1,
          1,
          1,
          1,
          1,
          1,
          null,
          null,
          null,
          null,
          null,
          1,
          null,
          1,
          1,
          null,
          1,
          null,
          null,
          null,
          null,
          null,
          null,
          null,
          null,
          null,
          1,
          1,
          null,
          null
        ]
      },
      "/home/enow/projects/ruby_and_rails/movie_rental/config/boot.rb": {
        "lines": [
          1,
          null,
          1,
          1
        ]
      },
      "/home/enow/projects/ruby_and_rails/movie_rental/config/environments/test.rb": {
        "lines": [
          1,
          null,
          null,
          null,
          null,
          null,
          null,
          1,
          null,
          null,
          null,
          null,
          1,
          null,
          null,
          1,
          1,
          null,
          null,
          null,
          null,
          1,
          1,
          null,
          null,
          1,
          null,
          null,
          1,
          null,
          null,
          1,
          null,
          1,
          null,
          null,
          null,
          null,
          1,
          null,
          null,
          1,
          null,
          null,
          null,
          null
        ]
      },
      "/home/enow/projects/ruby_and_rails/movie_rental/config/initializers/application_controller_renderer.rb": {
        "lines": [
          null,
          null,
          null,
          null,
          null,
          null,
          null,
          null
        ]
      },
      "/home/enow/projects/ruby_and_rails/movie_rental/config/initializers/asm.rb": {
        "lines": [
          null
        ]
      },
      "/home/enow/projects/ruby_and_rails/movie_rental/config/initializers/backtrace_silencers.rb": {
        "lines": [
          null,
          null,
          null,
          null,
          null,
          null,
          null
        ]
      },
      "/home/enow/projects/ruby_and_rails/movie_rental/config/initializers/cors.rb": {
        "lines": [
          null,
          null,
          null,
          null,
          null,
          null,
          null,
          1,
          1,
          1,
          null,
          1,
          null,
          null,
          null,
          null
        ]
      },
      "/home/enow/projects/ruby_and_rails/movie_rental/config/initializers/filter_parameter_logging.rb": {
        "lines": [
          null,
          null,
          null,
          1
        ]
      },
      "/home/enow/projects/ruby_and_rails/movie_rental/config/initializers/inflections.rb": {
        "lines": [
          null,
          null,
          null,
          null,
          null,
          null,
          null,
          null,
          null,
          null,
          null,
          null,
          null,
          null,
          null,
          null
        ]
      },
      "/home/enow/projects/ruby_and_rails/movie_rental/config/initializers/mime_types.rb": {
        "lines": [
          null,
          null,
          null,
          null
        ]
      },
      "/home/enow/projects/ruby_and_rails/movie_rental/config/initializers/sidekiq.rb": {
        "lines": [
          1,
          0,
          null,
          null,
          1,
          1,
          null
        ]
      },
      "/home/enow/projects/ruby_and_rails/movie_rental/config/initializers/wrap_parameters.rb": {
        "lines": [
          null,
          null,
          null,
          null,
          null,
          null,
          1,
          1,
          null,
          null,
          null,
          null,
          null,
          null
        ]
      },
      "/home/enow/projects/ruby_and_rails/movie_rental/config/routes.rb": {
        "lines": [
          1,
          1,
          1,
          1,
          1,
          1,
          1,
          1,
          1,
          null,
          null,
          null
        ]
      },
      "/home/enow/projects/ruby_and_rails/movie_rental/app/jobs/movies_job.rb": {
        "lines": [
          1,
          1,
          null,
          1,
          null,
          0,
          0,
          null,
          null,
          null
        ]
      },
      "/home/enow/projects/ruby_and_rails/movie_rental/app/jobs/application_job.rb": {
        "lines": [
          1,
          null
        ]
      },
      "/home/enow/projects/ruby_and_rails/movie_rental/app/mailers/user_mailer.rb": {
        "lines": [
          1,
          null,
          null,
          null,
          null,
          null,
          null,
          1,
          0,
          0,
          0,
          null,
          0,
          null,
          null
        ]
      },
      "/home/enow/projects/ruby_and_rails/movie_rental/app/mailers/application_mailer.rb": {
        "lines": [
          1,
          1,
          1,
          null
        ]
      },
      "/home/enow/projects/ruby_and_rails/movie_rental/app/models/customer.rb": {
        "lines": [
          1,
          1,
          null,
          1,
          1,
          null,
          1,
          null,
          1,
          null,
          null,
          1,
          null,
          null,
          null
        ]
      },
      "/home/enow/projects/ruby_and_rails/movie_rental/app/models/application_record.rb": {
        "lines": [
          1,
          1,
          null
        ]
      },
      "/home/enow/projects/ruby_and_rails/movie_rental/app/models/genre.rb": {
        "lines": [
          1,
          null,
          1,
          1,
          1,
          null,
          null
        ]
      },
      "/home/enow/projects/ruby_and_rails/movie_rental/app/models/movie.rb": {
        "lines": [
          1,
          1,
          1,
          null,
          1,
          1,
          1,
          null,
          null
        ]
      },
      "/home/enow/projects/ruby_and_rails/movie_rental/app/models/rental.rb": {
        "lines": [
          1,
          1,
          1,
          null
        ]
      },
      "/home/enow/projects/ruby_and_rails/movie_rental/app/models/user.rb": {
        "lines": [
          1,
          1,
          null
        ]
      }
    },
    "timestamp": 1580877842
  }
}
