{
  "RSpec": {
    "coverage": {
      "/home/enow/projects/ruby_and_rails/movie_rental/config/environment.rb": [
        null,
        1,
        null,
        null,
        1
      ],
      "/home/enow/projects/ruby_and_rails/movie_rental/config/application.rb": [
        1,
        null,
        1,
        null,
        1,
        1,
        1,
        1,
        1,
        1,
        1,
        1,
        null,
        null,
        null,
        null,
        null,
        1,
        null,
        1,
        1,
        null,
        1,
        null,
        null,
        null,
        null,
        null,
        null,
        null,
        null,
        null,
        1,
        null,
        null
      ],
      "/home/enow/projects/ruby_and_rails/movie_rental/config/boot.rb": [
        1,
        null,
        1,
        1
      ],
      "/home/enow/projects/ruby_and_rails/movie_rental/config/environments/test.rb": [
        1,
        null,
        null,
        null,
        null,
        null,
        null,
        1,
        null,
        null,
        null,
        null,
        1,
        null,
        null,
        1,
        1,
        null,
        null,
        null,
        null,
        1,
        1,
        null,
        null,
        1,
        null,
        null,
        1,
        null,
        null,
        1,
        null,
        1,
        null,
        null,
        null,
        null,
        1,
        null,
        null,
        1,
        null,
        null,
        null,
        null
      ],
      "/home/enow/projects/ruby_and_rails/movie_rental/config/initializers/application_controller_renderer.rb": [
        null,
        null,
        null,
        null,
        null,
        null,
        null,
        null
      ],
      "/home/enow/projects/ruby_and_rails/movie_rental/config/initializers/backtrace_silencers.rb": [
        null,
        null,
        null,
        null,
        null,
        null,
        null
      ],
      "/home/enow/projects/ruby_and_rails/movie_rental/config/initializers/cors.rb": [
        null,
        null,
        null,
        null,
        null,
        null,
        null,
        null,
        null,
        null,
        null,
        null,
        null,
        null,
        null,
        null
      ],
      "/home/enow/projects/ruby_and_rails/movie_rental/config/initializers/filter_parameter_logging.rb": [
        null,
        null,
        null,
        1
      ],
      "/home/enow/projects/ruby_and_rails/movie_rental/config/initializers/inflections.rb": [
        null,
        null,
        null,
        null,
        null,
        null,
        null,
        null,
        null,
        null,
        null,
        null,
        null,
        null,
        null,
        null
      ],
      "/home/enow/projects/ruby_and_rails/movie_rental/config/initializers/mime_types.rb": [
        null,
        null,
        null,
        null
      ],
      "/home/enow/projects/ruby_and_rails/movie_rental/config/initializers/wrap_parameters.rb": [
        null,
        null,
        null,
        null,
        null,
        null,
        1,
        2,
        null,
        null,
        null,
        null,
        null,
        null
      ],
      "/home/enow/projects/ruby_and_rails/movie_rental/config/routes.rb": [
        1,
        1,
        1,
        1,
        1,
        null
      ],
      "/home/enow/projects/ruby_and_rails/movie_rental/app/controllers/genres_controller.rb": [
        1,
        1,
        null,
        null,
        1,
        1,
        null,
        1,
        null,
        null,
        null,
        1,
        0,
        null,
        null,
        null,
        1,
        0,
        null,
        0,
        0,
        null,
        0,
        null,
        null,
        null,
        null,
        1,
        0,
        0,
        null,
        0,
        null,
        null,
        null,
        null,
        1,
        0,
        null,
        null,
        1,
        null,
        1,
        0,
        null,
        null,
        null,
        1,
        0,
        null,
        null
      ],
      "/home/enow/projects/ruby_and_rails/movie_rental/app/controllers/application_controller.rb": [
        1,
        null
      ],
      "/home/enow/projects/ruby_and_rails/movie_rental/app/controllers/movies_controller.rb": [
        1,
        1,
        null,
        null,
        1,
        1,
        null,
        1,
        null,
        null,
        null,
        1,
        0,
        null,
        null,
        null,
        1,
        0,
        null,
        0,
        0,
        null,
        0,
        null,
        null,
        null,
        null,
        1,
        0,
        0,
        null,
        0,
        null,
        null,
        null,
        null,
        1,
        0,
        null,
        null,
        1,
        null,
        1,
        0,
        null,
        null,
        null,
        1,
        0,
        null,
        null
      ],
      "/home/enow/projects/ruby_and_rails/movie_rental/app/controllers/rentals_controller.rb": [
        1,
        1,
        null,
        null,
        1,
        1,
        null,
        1,
        null,
        null,
        null,
        1,
        0,
        null,
        null,
        null,
        1,
        0,
        null,
        0,
        0,
        null,
        0,
        null,
        null,
        null,
        null,
        1,
        0,
        0,
        null,
        0,
        null,
        null,
        null,
        null,
        1,
        0,
        null,
        null,
        1,
        null,
        1,
        0,
        null,
        null,
        null,
        1,
        0,
        null,
        null
      ],
      "/home/enow/projects/ruby_and_rails/movie_rental/app/models/customer.rb": [
        1,
        1,
        null,
        1,
        1,
        null,
        1,
        null,
        1,
        null,
        null,
        1,
        null,
        null,
        null
      ],
      "/home/enow/projects/ruby_and_rails/movie_rental/app/models/application_record.rb": [
        1,
        1,
        null
      ],
      "/home/enow/projects/ruby_and_rails/movie_rental/app/models/genre.rb": [
        1,
        null,
        1,
        1,
        1,
        null,
        null
      ],
      "/home/enow/projects/ruby_and_rails/movie_rental/app/models/movie.rb": [
        1,
        1,
        1,
        null,
        1,
        1,
        1,
        null,
        null
      ],
      "/home/enow/projects/ruby_and_rails/movie_rental/app/models/rental.rb": [
        1,
        1,
        1,
        null
      ],
      "/home/enow/projects/ruby_and_rails/movie_rental/app/controllers/customers_controller.rb": [
        1,
        1,
        null,
        1,
        1,
        1,
        null,
        null,
        1,
        0,
        null,
        null,
        1,
        0,
        0,
        0,
        null,
        0,
        null,
        null,
        null,
        null,
        1,
        0,
        0,
        null,
        0,
        null,
        null,
        null,
        1,
        0,
        null,
        null,
        1,
        1,
        0,
        null,
        null,
        1,
        0,
        null,
        null,
        null
      ]
    },
    "timestamp": 1575743127
  }
}
